<?xml version="1.0" encoding="UTF-8"?>
<testng-results ignored="0" total="2" passed="2" failed="0" skipped="0">
  <reporter-output>
  </reporter-output>
  <suite started-at="2023-06-04T03:29:57 EDT" name="Suite" finished-at="2023-06-04T03:33:08 EDT" duration-ms="190947">
    <groups>
    </groups>
    <test started-at="2023-06-04T03:29:57 EDT" name="Test" finished-at="2023-06-04T03:33:08 EDT" duration-ms="190947">
      <class name="com.automation.automation.Automation">
        <test-method is-config="true" signature="before()[pri:0, instance:com.automation.automation.Automation@478db956]" started-at="2023-06-04T03:29:57 EDT" name="before" finished-at="2023-06-04T03:29:57 EDT" duration-ms="8" status="PASS">
          <reporter-output>
          </reporter-output>
        </test-method> <!-- before -->
        <test-method signature="createEC2()[pri:0, instance:com.automation.automation.Automation@478db956]" started-at="2023-06-04T03:29:57 EDT" name="createEC2" finished-at="2023-06-04T03:30:43 EDT" duration-ms="46021" status="PASS">
          <reporter-output>
          </reporter-output>
        </test-method> <!-- createEC2 -->
        <test-method signature="jenkinsInstallation()[pri:0, instance:com.automation.automation.Automation@478db956]" started-at="2023-06-04T03:30:43 EDT" name="jenkinsInstallation" finished-at="2023-06-04T03:33:08 EDT" duration-ms="144877" status="PASS">
          <reporter-output>
          </reporter-output>
        </test-method> <!-- jenkinsInstallation -->
        <test-method is-config="true" signature="afterTest()[pri:0, instance:com.automation.automation.Automation@478db956]" started-at="2023-06-04T03:33:08 EDT" name="afterTest" finished-at="2023-06-04T03:33:08 EDT" duration-ms="1" status="PASS">
          <reporter-output>
          </reporter-output>
        </test-method> <!-- afterTest -->
      </class> <!-- com.automation.automation.Automation -->
    </test> <!-- Test -->
  </suite> <!-- Suite -->
</testng-results>
