<?xml version="1.0" encoding="UTF-8"?>
<testng-results ignored="0" total="2" passed="2" failed="0" skipped="0">
  <reporter-output>
  </reporter-output>
  <suite started-at="2023-06-04T01:19:04 EDT" name="Suite" finished-at="2023-06-04T01:22:05 EDT" duration-ms="180344">
    <groups>
    </groups>
    <test started-at="2023-06-04T01:19:04 EDT" name="Test" finished-at="2023-06-04T01:22:05 EDT" duration-ms="180344">
      <class name="com.automation.automation.Automation">
        <test-method is-config="true" signature="before()[pri:0, instance:com.automation.automation.Automation@6ca18a14]" started-at="2023-06-04T01:19:05 EDT" name="before" finished-at="2023-06-04T01:19:05 EDT" duration-ms="8" status="PASS">
          <reporter-output>
          </reporter-output>
        </test-method> <!-- before -->
        <test-method signature="createEC2()[pri:0, instance:com.automation.automation.Automation@6ca18a14]" started-at="2023-06-04T01:19:05 EDT" name="createEC2" finished-at="2023-06-04T01:19:35 EDT" duration-ms="30931" status="PASS">
          <reporter-output>
          </reporter-output>
        </test-method> <!-- createEC2 -->
        <test-method signature="jenkinsInstallation()[pri:0, instance:com.automation.automation.Automation@6ca18a14]" started-at="2023-06-04T01:19:35 EDT" name="jenkinsInstallation" finished-at="2023-06-04T01:22:05 EDT" depends-on-methods="com.automation.automation.Automation.createEC2" duration-ms="149360" status="PASS">
          <reporter-output>
          </reporter-output>
        </test-method> <!-- jenkinsInstallation -->
        <test-method is-config="true" signature="afterTest()[pri:0, instance:com.automation.automation.Automation@6ca18a14]" started-at="2023-06-04T01:22:05 EDT" name="afterTest" finished-at="2023-06-04T01:22:05 EDT" duration-ms="0" status="PASS">
          <reporter-output>
          </reporter-output>
        </test-method> <!-- afterTest -->
      </class> <!-- com.automation.automation.Automation -->
    </test> <!-- Test -->
  </suite> <!-- Suite -->
</testng-results>
