<?xml version="1.0" encoding="UTF-8"?>
<testsuite xmlns:xsi="http://www.w3.org/2001/XMLSchema-instance" xsi:noNamespaceSchemaLocation="https://maven.apache.org/surefire/maven-surefire-plugin/xsd/surefire-test-report-3.0.xsd" version="3.0" name="TestSuite" time="191.791" tests="2" errors="0" skipped="0" failures="0">
  <properties>
[...]
</properties>
  <testcase name="createEC2" classname="com.automation.automation.Automation" time="46.02">
    <system-out><![CDATA[We are at before
We are in createEC2()
EC2 instance created with ID: i-0c214bfe8365769d5
Elastic IP address allocated: 18.209.253.136
public ip address: 54.174.158.68
]]></system-out>
    <system-err><![CDATA[SLF4J: Failed to load class "org.slf4j.impl.StaticLoggerBinder".
SLF4J: Defaulting to no-operation (NOP) logger implementation
SLF4J: See http://www.slf4j.org/codes.html#StaticLoggerBinder for further details.
log4j:WARN No appenders could be found for logger (org.apache.http.client.protocol.RequestAddCookies).
log4j:WARN Please initialize the log4j system properly.
log4j:WARN See http://logging.apache.org/log4j/1.2/faq.html#noconfig for more info.
]]></system-err>
  </testcase>
  <testcase name="jenkinsInstallation" classname="com.automation.automation.Automation" time="144.876">
    <system-out><![CDATA[We are in jenkinsInstallation()
we are at test!  server: 18.209.253.136 user name: ec2-user password: Never143#$
Elastic ip: 18.209.253.136
true
before: Register this system with Red Hat Insights: insights-client --register
Create an account or view all your systems at https://red.ht/insights-dashboard
&amp#27;[?2004h[ec2-user@ip-172-31-18-136 ~] match: $
jenkins password:  sudo cat /var/lib/jenkins/secrets/initialAdminPassword
&amp#27;[?2004l5e6afe12a5004df8a34f2e9dfb25547a
&amp#27;[?2004h[ec2-user@ip-172-31-18-136 ~]
pwd before:  sudo cat /var/lib/jenkins/secrets/initialAdminPassword
&amp#27;[?2004l5e6afe12a5004df8a34f2e9dfb25547a
&amp#27;[?2004h[ec2-user@ip-172-31-18-136 ~] match: $
 exit
&amp#27;[?2004llogout

initial Admin password: null
]]></system-out>
  </testcase>
</testsuite>